<?xml version="1.0" encoding="UTF-8"?>
<!-- Generated by org.testng.reporters.JUnitReportReporter -->
<testsuite skipped="0" hostname="Anandarajs-MacBook-Air.local" name="tests.Tests" tests="1" failures="0" timestamp="2019-09-30T19:13:11 IST" time="0.002" errors="0">
  <testcase name="simpletest" time="0.002" classname="tests.Tests"/>
</testsuite> <!-- tests.Tests -->
